<?xml version="1.0" encoding="UTF-8"?>
<!-- Generated by org.testng.reporters.JUnitReportReporter -->
<testsuite hostname="Berkay" failures="0" tests="1" name="runner.TestRunner" time="55.031" errors="0" timestamp="2021-04-17T21:47:30 TRT" skipped="0">
  <testcase classname="runner.TestRunner" name="feature" time="55.031"/>
</testsuite> <!-- runner.TestRunner -->
